This is pdfTeX, Version 3.141592653-2.6-1.40.22 (TeX Live 2021) (preloaded format=pdflatex 2022.1.19)  20 JAN 2022 12:47
entering extended mode
 restricted \write18 enabled.
 file:line:error style messages enabled.
 %&-line parsing enabled.
**/Users/josetoscano/Documents/BSCThesis/BScThesis.tex
(/Users/josetoscano/Documents/BSCThesis/BScThesis.tex
LaTeX2e <2020-10-01> patch level 4
L3 programming layer <2021-02-18> (/usr/local/texlive/2021/texmf-dist/tex/latex/base/report.cls
Document Class: report 2020/04/10 v1.4m Standard LaTeX document class
(/usr/local/texlive/2021/texmf-dist/tex/latex/base/size10.clo
File: size10.clo 2020/04/10 v1.4m Standard LaTeX file (size option)
)
\c@part=\count179
\c@chapter=\count180
\c@section=\count181
\c@subsection=\count182
\c@subsubsection=\count183
\c@paragraph=\count184
\c@subparagraph=\count185
\c@figure=\count186
\c@table=\count187
\abovecaptionskip=\skip47
\belowcaptionskip=\skip48
\bibindent=\dimen138
) (/usr/local/texlive/2021/texmf-dist/tex/latex/geometry/geometry.sty
Package: geometry 2020/01/02 v5.9 Page Geometry
 (/usr/local/texlive/2021/texmf-dist/tex/latex/graphics/keyval.sty
Package: keyval 2014/10/28 v1.15 key=value parser (DPC)
\KV@toks@=\toks15
) (/usr/local/texlive/2021/texmf-dist/tex/generic/iftex/ifvtex.sty
Package: ifvtex 2019/10/25 v1.7 ifvtex legacy package. Use iftex instead.
 (/usr/local/texlive/2021/texmf-dist/tex/generic/iftex/iftex.sty
Package: iftex 2020/03/06 v1.0d TeX engine tests
))
\Gm@cnth=\count188
\Gm@cntv=\count189
\c@Gm@tempcnt=\count190
\Gm@bindingoffset=\dimen139
\Gm@wd@mp=\dimen140
\Gm@odd@mp=\dimen141
\Gm@even@mp=\dimen142
\Gm@layoutwidth=\dimen143
\Gm@layoutheight=\dimen144
\Gm@layouthoffset=\dimen145
\Gm@layoutvoffset=\dimen146
\Gm@dimlist=\toks16
) (/usr/local/texlive/2021/texmf-dist/tex/latex/titlesec/titlesec.sty
Package: titlesec 2019/10/16 v2.13 Sectioning titles
\ttl@box=\box47
\beforetitleunit=\skip49
\aftertitleunit=\skip50
\ttl@plus=\dimen147
\ttl@minus=\dimen148
\ttl@toksa=\toks17
\titlewidth=\dimen149
\titlewidthlast=\dimen150
\titlewidthfirst=\dimen151
) (/usr/local/texlive/2021/texmf-dist/tex/latex/graphics/graphicx.sty
Package: graphicx 2020/09/09 v1.2b Enhanced LaTeX Graphics (DPC,SPQR)
 (/usr/local/texlive/2021/texmf-dist/tex/latex/graphics/graphics.sty
Package: graphics 2020/08/30 v1.4c Standard LaTeX Graphics (DPC,SPQR)
 (/usr/local/texlive/2021/texmf-dist/tex/latex/graphics/trig.sty
Package: trig 2016/01/03 v1.10 sin cos tan (DPC)
) (/usr/local/texlive/2021/texmf-dist/tex/latex/graphics-cfg/graphics.cfg
File: graphics.cfg 2016/06/04 v1.11 sample graphics configuration
)
Package graphics Info: Driver file: pdftex.def on input line 105.
 (/usr/local/texlive/2021/texmf-dist/tex/latex/graphics-def/pdftex.def
File: pdftex.def 2020/10/05 v1.2a Graphics/color driver for pdftex
))
\Gin@req@height=\dimen152
\Gin@req@width=\dimen153
) (/usr/local/texlive/2021/texmf-dist/tex/latex/booktabs/booktabs.sty
Package: booktabs 2020/01/12 v1.61803398 Publication quality tables
\heavyrulewidth=\dimen154
\lightrulewidth=\dimen155
\cmidrulewidth=\dimen156
\belowrulesep=\dimen157
\belowbottomsep=\dimen158
\aboverulesep=\dimen159
\abovetopsep=\dimen160
\cmidrulesep=\dimen161
\cmidrulekern=\dimen162
\defaultaddspace=\dimen163
\@cmidla=\count191
\@cmidlb=\count192
\@aboverulesep=\dimen164
\@belowrulesep=\dimen165
\@thisruleclass=\count193
\@lastruleclass=\count194
\@thisrulewidth=\dimen166
) (/usr/local/texlive/2021/texmf-dist/tex/latex/natbib/natbib.sty
Package: natbib 2010/09/13 8.31b (PWD, AO)
\bibhang=\skip51
\bibsep=\skip52
LaTeX Info: Redefining \cite on input line 694.
\c@NAT@ctr=\count195
) (/usr/local/texlive/2021/texmf-dist/tex/latex/xcolor/xcolor.sty
Package: xcolor 2016/05/11 v2.12 LaTeX color extensions (UK)
 (/usr/local/texlive/2021/texmf-dist/tex/latex/graphics-cfg/color.cfg
File: color.cfg 2016/01/02 v1.6 sample color configuration
)
Package xcolor Info: Driver file: pdftex.def on input line 225.
Package xcolor Info: Model `cmy' substituted by `cmy0' on input line 1348.
Package xcolor Info: Model `hsb' substituted by `rgb' on input line 1352.
Package xcolor Info: Model `RGB' extended on input line 1364.
Package xcolor Info: Model `HTML' substituted by `rgb' on input line 1366.
Package xcolor Info: Model `Hsb' substituted by `hsb' on input line 1367.
Package xcolor Info: Model `tHsb' substituted by `hsb' on input line 1368.
Package xcolor Info: Model `HSB' substituted by `hsb' on input line 1369.
Package xcolor Info: Model `Gray' substituted by `gray' on input line 1370.
Package xcolor Info: Model `wave' substituted by `hsb' on input line 1371.
) (/usr/local/texlive/2021/texmf-dist/tex/latex/psnfss/helvet.sty
Package: helvet 2020/03/25 PSNFSS-v9.3 (WaS) 
) (/usr/local/texlive/2021/texmf-dist/tex/latex/l3backend/l3backend-pdftex.def
File: l3backend-pdftex.def 2021-03-18 L3 backend support: PDF output (pdfTeX)
\l__color_backend_stack_int=\count196
\l__pdf_internal_box=\box48
) (/Users/josetoscano/Documents/BSCThesis/BScThesis.aux (/Users/josetoscano/Documents/BSCThesis/chapter1_introduction.aux) (/Users/josetoscano/Documents/BSCThesis/chapter2_general_overview.aux) (/Users/josetoscano/Documents/BSCThesis/chapter3_development_of_balance_system.aux) (/Users/josetoscano/Documents/BSCThesis/chapter4_Access_to_the_Digital_Mexican_Banking_System.aux) (/Users/josetoscano/Documents/BSCThesis/chapter5_Progressive_deployment_of_Balance_System.aux) (/Users/josetoscano/Documents/BSCThesis/chapter6_Discission_and_Conclusions.aux))
\openout1 = `BScThesis.aux'.

LaTeX Font Info:    Checking defaults for OML/cmm/m/it on input line 22.
LaTeX Font Info:    ... okay on input line 22.
LaTeX Font Info:    Checking defaults for OMS/cmsy/m/n on input line 22.
LaTeX Font Info:    ... okay on input line 22.
LaTeX Font Info:    Checking defaults for OT1/cmr/m/n on input line 22.
LaTeX Font Info:    ... okay on input line 22.
LaTeX Font Info:    Checking defaults for T1/cmr/m/n on input line 22.
LaTeX Font Info:    ... okay on input line 22.
LaTeX Font Info:    Checking defaults for TS1/cmr/m/n on input line 22.
LaTeX Font Info:    ... okay on input line 22.
LaTeX Font Info:    Checking defaults for OMX/cmex/m/n on input line 22.
LaTeX Font Info:    ... okay on input line 22.
LaTeX Font Info:    Checking defaults for U/cmr/m/n on input line 22.
LaTeX Font Info:    ... okay on input line 22.

*geometry* driver: auto-detecting
*geometry* detected driver: pdftex
*geometry* verbose mode - [ preamble ] result:
* driver: pdftex
* paper: a4paper
* layout: <same size as paper>
* layoutoffset:(h,v)=(0.0pt,0.0pt)
* modes: 
* h-part:(L,W,R)=(90.19518pt, 417.11752pt, 90.19518pt)
* v-part:(T,H,B)=(72.2698pt, 700.50723pt, 72.2698pt)
* \paperwidth=597.50787pt
* \paperheight=845.04684pt
* \textwidth=417.11752pt
* \textheight=700.50723pt
* \oddsidemargin=17.92519pt
* \evensidemargin=17.92519pt
* \topmargin=-37.00018pt
* \headheight=12.0pt
* \headsep=25.0pt
* \topskip=10.0pt
* \footskip=30.0pt
* \marginparwidth=65.0pt
* \marginparsep=11.0pt
* \columnsep=10.0pt
* \skip\footins=9.0pt plus 4.0pt minus 2.0pt
* \hoffset=0.0pt
* \voffset=0.0pt
* \mag=1000
* \@twocolumnfalse
* \@twosidefalse
* \@mparswitchfalse
* \@reversemarginfalse
* (1in=72.27pt=25.4mm, 1cm=28.453pt)

(/usr/local/texlive/2021/texmf-dist/tex/context/base/mkii/supp-pdf.mkii
[Loading MPS to PDF converter (version 2006.09.02).]
\scratchcounter=\count197
\scratchdimen=\dimen167
\scratchbox=\box49
\nofMPsegments=\count198
\nofMParguments=\count199
\everyMPshowfont=\toks18
\MPscratchCnt=\count266
\MPscratchDim=\dimen168
\MPnumerator=\count267
\makeMPintoPDFobject=\count268
\everyMPtoPDFconversion=\toks19
) (/usr/local/texlive/2021/texmf-dist/tex/latex/epstopdf-pkg/epstopdf-base.sty
Package: epstopdf-base 2020-01-24 v2.11 Base part for package epstopdf
Package epstopdf-base Info: Redefining graphics rule for `.eps' on input line 485.
 (/usr/local/texlive/2021/texmf-dist/tex/latex/latexconfig/epstopdf-sys.cfg
File: epstopdf-sys.cfg 2010/07/13 v1.3 Configuration of (r)epstopdf for TeX Live
)) (/Users/josetoscano/Documents/BSCThesis/cover.tex
<assets/logoAtrato.png, id=1, 542.025pt x 542.025pt>
File: assets/logoAtrato.png Graphic file (type png)
<use assets/logoAtrato.png>
Package pdftex.def Info: assets/logoAtrato.png  used on input line 7.
(pdftex.def)             Requested size: 142.26378pt x 142.26302pt.
<assets/Hochschule-esslingen.svg.png, id=2, 2007.5pt x 458.71375pt>
File: assets/Hochschule-esslingen.svg.png Graphic file (type png)
<use assets/Hochschule-esslingen.svg.png>
Package pdftex.def Info: assets/Hochschule-esslingen.svg.png  used on input line 9.
(pdftex.def)             Requested size: 113.81102pt x 26.00276pt.
LaTeX Font Info:    Trying to load font information for OT1+phv on input line 11.
 (/usr/local/texlive/2021/texmf-dist/tex/latex/psnfss/ot1phv.fd
File: ot1phv.fd 2020/03/25 scalable font definitions for OT1/phv.
)
Underfull \hbox (badness 10000) in paragraph at lines 13--17

 []

LaTeX Font Info:    External font `cmex10' loaded for size
(Font)              <9> on input line 17.
LaTeX Font Info:    External font `cmex10' loaded for size
(Font)              <6> on input line 17.
LaTeX Font Info:    External font `cmex10' loaded for size
(Font)              <5> on input line 17.

Overfull \hbox (0.49835pt too wide) in paragraph at lines 23--23
\OT1/cmr/bx/n/17.28 Progressive au-toma-tion of dis-burse-ment pro-cesses
 []


Overfull \hbox (7.23222pt too wide) in paragraph at lines 23--23
\OT1/cmr/bx/n/17.28 through in-te-gra-tion with the Mex-i-can dig-i-tal bank-
 []


Overfull \hbox (23.99998pt too wide) in paragraph at lines 40--49
[][]
 []


Underfull \hbox (badness 10000) in paragraph at lines 40--49

 []

[1

{/usr/local/texlive/2021/texmf-var/fonts/map/pdftex/updmap/pdftex.map} </Users/josetoscano/Documents/BSCThesis/assets/logoAtrato.png> </Users/josetoscano/Documents/BSCThesis/assets/Hochschule-esslingen.svg.png>]) (/Users/josetoscano/Documents/BSCThesis/quote.tex) (/Users/josetoscano/Documents/BSCThesis/abstract.tex [1]) (/Users/josetoscano/Documents/BSCThesis/preamble.tex [2

]) [3

] (/Users/josetoscano/Documents/BSCThesis/BScThesis.toc
LaTeX Font Info:    External font `cmex10' loaded for size
(Font)              <7> on input line 3.
 [4

])
\tf@toc=\write3
\openout3 = `BScThesis.toc'.

 [5] (/Users/josetoscano/Documents/BSCThesis/BScThesis.lof)
\tf@lof=\write4
\openout4 = `BScThesis.lof'.

 [6

]
\openout2 = `chapter1_introduction.aux'.

 (/Users/josetoscano/Documents/BSCThesis/chapter1_introduction.tex
Chapter 1.

Underfull \hbox (badness 10000) in paragraph at lines 6--7

 []


Underfull \hbox (badness 10000) in paragraph at lines 13--14

 []


Underfull \hbox (badness 10000) in paragraph at lines 15--16

 []


Underfull \hbox (badness 10000) in paragraph at lines 17--18

 []


Underfull \hbox (badness 10000) in paragraph at lines 19--20

 []

)
Underfull \hbox (badness 10000) in paragraph at lines 21--70

 []

[7


] [8]
\openout2 = `chapter2_general_overview.aux'.

 (/Users/josetoscano/Documents/BSCThesis/chapter2_general_overview.tex
Chapter 2.
[9




] [10] [11] [12]
<assets/uml/Payments_Per_Store.png, id=56, 343.2825pt x 171.64125pt>
File: assets/uml/Payments_Per_Store.png Graphic file (type png)
<use assets/uml/Payments_Per_Store.png>
Package pdftex.def Info: assets/uml/Payments_Per_Store.png  used on input line 79.
(pdftex.def)             Requested size: 205.97107pt x 102.98552pt.
<assets/uml/PaymentOptions.png, id=57, 343.2825pt x 533.995pt>
File: assets/uml/PaymentOptions.png Graphic file (type png)
<use assets/uml/PaymentOptions.png>
Package pdftex.def Info: assets/uml/PaymentOptions.png  used on input line 87.
(pdftex.def)             Requested size: 205.97107pt x 320.39948pt.


LaTeX Warning: `h' float specifier changed to `ht'.

) [13 </Users/josetoscano/Documents/BSCThesis/assets/uml/Payments_Per_Store.png>] [14 </Users/josetoscano/Documents/BSCThesis/assets/uml/PaymentOptions.png>]
\openout2 = `chapter3_development_of_balance_system.aux'.

 (/Users/josetoscano/Documents/BSCThesis/chapter3_development_of_balance_system.tex
Chapter 3.
<assets/diagrams/BalanceUpdatesStateMachine.png, id=66, 612.2875pt x 358.33875pt>
File: assets/diagrams/BalanceUpdatesStateMachine.png Graphic file (type png)
<use assets/diagrams/BalanceUpdatesStateMachine.png>
Package pdftex.def Info: assets/diagrams/BalanceUpdatesStateMachine.png  used on input line 13.
(pdftex.def)             Requested size: 428.59833pt x 250.83542pt.

Overfull \hbox (11.4808pt too wide) in paragraph at lines 13--14
 [][] 
 []

[15




 </Users/josetoscano/Documents/BSCThesis/assets/diagrams/BalanceUpdatesStateMachine.png>]
<assets/flowcharts/CreditCancelation.png, id=71, 452.69125pt x 545.03625pt>
File: assets/flowcharts/CreditCancelation.png Graphic file (type png)
<use assets/flowcharts/CreditCancelation.png>
Package pdftex.def Info: assets/flowcharts/CreditCancelation.png  used on input line 28.
(pdftex.def)             Requested size: 316.88171pt x 381.52278pt.

Overfull \hbox (7.472pt too wide) in paragraph at lines 32--32
|[]\OT1/cmr/bx/n/14.4 Ensure cor-rect func-tion-al-ity and er-ror han-dling through
 []


Overfull \hbox (5.74521pt too wide) in paragraph at lines 38--38
|[]\OT1/cmr/bx/n/14.4 Security through im-ple-men-ta-tion of ex-ist-ing IAM Mod-
 []

) [16 </Users/josetoscano/Documents/BSCThesis/assets/flowcharts/CreditCancelation.png>] [17]
\openout2 = `chapter4_Access_to_the_Digital_Mexican_Banking_System.aux'.

 (/Users/josetoscano/Documents/BSCThesis/chapter4_Access_to_the_Digital_Mexican_Banking_System.tex
Chapter 4.
<assets/diagrams/STPRequestParams.png, id=79, 165.61874pt x 91.34125pt>
File: assets/diagrams/STPRequestParams.png Graphic file (type png)
<use assets/diagrams/STPRequestParams.png>
Package pdftex.def Info: assets/diagrams/STPRequestParams.png  used on input line 23.
(pdftex.def)             Requested size: 165.61833pt x 91.34102pt.
[18




 </Users/josetoscano/Documents/BSCThesis/assets/diagrams/STPRequestParams.png>] [19]
<assets/diagrams/BankTransfersStateMachine.png, id=88, 629.35126pt x 402.50375pt>
File: assets/diagrams/BankTransfersStateMachine.png Graphic file (type png)
<use assets/diagrams/BankTransfersStateMachine.png>
Package pdftex.def Info: assets/diagrams/BankTransfersStateMachine.png  used on input line 87.
(pdftex.def)             Requested size: 314.67485pt x 201.25137pt.
 [20 </Users/josetoscano/Documents/BSCThesis/assets/diagrams/BankTransfersStateMachine.png>]
<assets/diagrams/LiquidatedStatusUpdate.png, id=93, 1081.03876pt x 593.21625pt>
File: assets/diagrams/LiquidatedStatusUpdate.png Graphic file (type png)
<use assets/diagrams/LiquidatedStatusUpdate.png>
Package pdftex.def Info: assets/diagrams/LiquidatedStatusUpdate.png  used on input line 98.
(pdftex.def)             Requested size: 432.40784pt x 237.28229pt.

Overfull \hbox (15.29031pt too wide) in paragraph at lines 98--99
 [][] 
 []

<assets/diagrams/CancelledStatusUpdate.png, id=94, 723.70375pt x 528.97626pt>
File: assets/diagrams/CancelledStatusUpdate.png Graphic file (type png)
<use assets/diagrams/CancelledStatusUpdate.png>
Package pdftex.def Info: assets/diagrams/CancelledStatusUpdate.png  used on input line 110.
(pdftex.def)             Requested size: 289.47636pt x 211.58675pt.

LaTeX Warning: `h' float specifier changed to `ht'.

[21 </Users/josetoscano/Documents/BSCThesis/assets/diagrams/LiquidatedStatusUpdate.png>]
<assets/diagrams/ReturnedStatusUpdate.png, id=99, 1071.00125pt x 2058.69125pt>
File: assets/diagrams/ReturnedStatusUpdate.png Graphic file (type png)
<use assets/diagrams/ReturnedStatusUpdate.png>
Package pdftex.def Info: assets/diagrams/ReturnedStatusUpdate.png  used on input line 123.
(pdftex.def)             Requested size: 428.39291pt x 823.46193pt.

Overfull \hbox (11.27539pt too wide) in paragraph at lines 123--124
 [][] 
 []


LaTeX Warning: Float too large for page by 158.89914pt on input line 125.


LaTeX Warning: `h' float specifier changed to `ht'.

<assets/diagrams/OverrideDisbursement.drawio.png, id=100, 1012.78375pt x 533.995pt>
File: assets/diagrams/OverrideDisbursement.drawio.png Graphic file (type png)
<use assets/diagrams/OverrideDisbursement.drawio.png>
Package pdftex.def Info: assets/diagrams/OverrideDisbursement.drawio.png  used on input line 129.
(pdftex.def)             Requested size: 405.10632pt x 213.59421pt.

LaTeX Warning: `h' float specifier changed to `ht'.

) [22 </Users/josetoscano/Documents/BSCThesis/assets/diagrams/CancelledStatusUpdate.png>] [23 </Users/josetoscano/Documents/BSCThesis/assets/diagrams/ReturnedStatusUpdate.png>] [24 </Users/josetoscano/Documents/BSCThesis/assets/diagrams/OverrideDisbursement.drawio.png>]
\openout2 = `chapter5_Progressive_deployment_of_Balance_System.aux'.

 (/Users/josetoscano/Documents/BSCThesis/chapter5_Progressive_deployment_of_Balance_System.tex
Chapter 5.

Overfull \hbox (10.11382pt too wide) in paragraph at lines 1--1
|[]\OT1/cmr/bx/n/20.74 Progressive de-ploy-ment of Bal-ance Sys-
 []

) [25




]
\openout2 = `chapter6_Discission_and_Conclusions.aux'.

 (/Users/josetoscano/Documents/BSCThesis/chapter6_Discission_and_Conclusions.tex
Chapter 6.
) [26




] (/Users/josetoscano/Documents/BSCThesis/BScThesis.aux (/Users/josetoscano/Documents/BSCThesis/chapter1_introduction.aux) (/Users/josetoscano/Documents/BSCThesis/chapter2_general_overview.aux) (/Users/josetoscano/Documents/BSCThesis/chapter3_development_of_balance_system.aux) (/Users/josetoscano/Documents/BSCThesis/chapter4_Access_to_the_Digital_Mexican_Banking_System.aux) (/Users/josetoscano/Documents/BSCThesis/chapter5_Progressive_deployment_of_Balance_System.aux) (/Users/josetoscano/Documents/BSCThesis/chapter6_Discission_and_Conclusions.aux)) ) 
Here is how much of TeX's memory you used:
 3142 strings out of 478994
 49039 string characters out of 5858184
 358955 words of memory out of 5000000
 20549 multiletter control sequences out of 15000+600000
 410246 words of font info for 46 fonts, out of 8000000 for 9000
 1141 hyphenation exceptions out of 8191
 68i,11n,74p,1372b,298s stack positions out of 5000i,500n,10000p,200000b,80000s
{/usr/local/texlive/2021/texmf-dist/fonts/enc/dvips/cm-super/cm-super-ts1.enc}{/usr/local/texlive/2021/texmf-dist/fonts/enc/dvips/base/8r.enc}</usr/local/texlive/2021/texmf-dist/fonts/type1/public/amsfonts/cm/cmbx10.pfb></usr/local/texlive/2021/texmf-dist/fonts/type1/public/amsfonts/cm/cmbx12.pfb></usr/local/texlive/2021/texmf-dist/fonts/type1/public/amsfonts/cm/cmr10.pfb></usr/local/texlive/2021/texmf-dist/fonts/type1/public/amsfonts/cm/cmr12.pfb></usr/local/texlive/2021/texmf-dist/fonts/type1/public/amsfonts/cm/cmr17.pfb></usr/local/texlive/2021/texmf-dist/fonts/type1/public/amsfonts/cm/cmtt10.pfb></usr/local/texlive/2021/texmf-dist/fonts/type1/public/cm-super/sfrm1000.pfb></usr/local/texlive/2021/texmf-dist/fonts/type1/urw/helvetic/uhvr8a.pfb>
Output written on /Users/josetoscano/Documents/BSCThesis/BScThesis.pdf (27 pages, 601650 bytes).
PDF statistics:
 149 PDF objects out of 1000 (max. 8388607)
 88 compressed objects within 1 object stream
 0 named destinations out of 1000 (max. 500000)
 61 words of extra memory for PDF output out of 10000 (max. 10000000)

