This is pdfTeX, Version 3.141592653-2.6-1.40.22 (TeX Live 2021) (preloaded format=pdflatex 2022.1.19)  19 FEB 2022 16:39
entering extended mode
 restricted \write18 enabled.
 file:line:error style messages enabled.
 %&-line parsing enabled.
**/Users/josetoscano/Documents/BSCThesis/main.tex
(/Users/josetoscano/Documents/BSCThesis/main.tex
LaTeX2e <2020-10-01> patch level 4
L3 programming layer <2021-02-18> (/usr/local/texlive/2021/texmf-dist/tex/latex/base/report.cls
Document Class: report 2020/04/10 v1.4m Standard LaTeX document class
(/usr/local/texlive/2021/texmf-dist/tex/latex/base/size10.clo
File: size10.clo 2020/04/10 v1.4m Standard LaTeX file (size option)
)
\c@part=\count179
\c@chapter=\count180
\c@section=\count181
\c@subsection=\count182
\c@subsubsection=\count183
\c@paragraph=\count184
\c@subparagraph=\count185
\c@figure=\count186
\c@table=\count187
\abovecaptionskip=\skip47
\belowcaptionskip=\skip48
\bibindent=\dimen138
) (/usr/local/texlive/2021/texmf-dist/tex/latex/geometry/geometry.sty
Package: geometry 2020/01/02 v5.9 Page Geometry
 (/usr/local/texlive/2021/texmf-dist/tex/latex/graphics/keyval.sty
Package: keyval 2014/10/28 v1.15 key=value parser (DPC)
\KV@toks@=\toks15
) (/usr/local/texlive/2021/texmf-dist/tex/generic/iftex/ifvtex.sty
Package: ifvtex 2019/10/25 v1.7 ifvtex legacy package. Use iftex instead.
 (/usr/local/texlive/2021/texmf-dist/tex/generic/iftex/iftex.sty
Package: iftex 2020/03/06 v1.0d TeX engine tests
))
\Gm@cnth=\count188
\Gm@cntv=\count189
\c@Gm@tempcnt=\count190
\Gm@bindingoffset=\dimen139
\Gm@wd@mp=\dimen140
\Gm@odd@mp=\dimen141
\Gm@even@mp=\dimen142
\Gm@layoutwidth=\dimen143
\Gm@layoutheight=\dimen144
\Gm@layouthoffset=\dimen145
\Gm@layoutvoffset=\dimen146
\Gm@dimlist=\toks16
) (/usr/local/texlive/2021/texmf-dist/tex/latex/titlesec/titlesec.sty
Package: titlesec 2019/10/16 v2.13 Sectioning titles
\ttl@box=\box47
\beforetitleunit=\skip49
\aftertitleunit=\skip50
\ttl@plus=\dimen147
\ttl@minus=\dimen148
\ttl@toksa=\toks17
\titlewidth=\dimen149
\titlewidthlast=\dimen150
\titlewidthfirst=\dimen151
) (/usr/local/texlive/2021/texmf-dist/tex/latex/graphics/graphicx.sty
Package: graphicx 2020/09/09 v1.2b Enhanced LaTeX Graphics (DPC,SPQR)
 (/usr/local/texlive/2021/texmf-dist/tex/latex/graphics/graphics.sty
Package: graphics 2020/08/30 v1.4c Standard LaTeX Graphics (DPC,SPQR)
 (/usr/local/texlive/2021/texmf-dist/tex/latex/graphics/trig.sty
Package: trig 2016/01/03 v1.10 sin cos tan (DPC)
) (/usr/local/texlive/2021/texmf-dist/tex/latex/graphics-cfg/graphics.cfg
File: graphics.cfg 2016/06/04 v1.11 sample graphics configuration
)
Package graphics Info: Driver file: pdftex.def on input line 105.
 (/usr/local/texlive/2021/texmf-dist/tex/latex/graphics-def/pdftex.def
File: pdftex.def 2020/10/05 v1.2a Graphics/color driver for pdftex
))
\Gin@req@height=\dimen152
\Gin@req@width=\dimen153
) (/usr/local/texlive/2021/texmf-dist/tex/latex/booktabs/booktabs.sty
Package: booktabs 2020/01/12 v1.61803398 Publication quality tables
\heavyrulewidth=\dimen154
\lightrulewidth=\dimen155
\cmidrulewidth=\dimen156
\belowrulesep=\dimen157
\belowbottomsep=\dimen158
\aboverulesep=\dimen159
\abovetopsep=\dimen160
\cmidrulesep=\dimen161
\cmidrulekern=\dimen162
\defaultaddspace=\dimen163
\@cmidla=\count191
\@cmidlb=\count192
\@aboverulesep=\dimen164
\@belowrulesep=\dimen165
\@thisruleclass=\count193
\@lastruleclass=\count194
\@thisrulewidth=\dimen166
) (/usr/local/texlive/2021/texmf-dist/tex/latex/xcolor/xcolor.sty
Package: xcolor 2016/05/11 v2.12 LaTeX color extensions (UK)
 (/usr/local/texlive/2021/texmf-dist/tex/latex/graphics-cfg/color.cfg
File: color.cfg 2016/01/02 v1.6 sample color configuration
)
Package xcolor Info: Driver file: pdftex.def on input line 225.
Package xcolor Info: Model `cmy' substituted by `cmy0' on input line 1348.
Package xcolor Info: Model `hsb' substituted by `rgb' on input line 1352.
Package xcolor Info: Model `RGB' extended on input line 1364.
Package xcolor Info: Model `HTML' substituted by `rgb' on input line 1366.
Package xcolor Info: Model `Hsb' substituted by `hsb' on input line 1367.
Package xcolor Info: Model `tHsb' substituted by `hsb' on input line 1368.
Package xcolor Info: Model `HSB' substituted by `hsb' on input line 1369.
Package xcolor Info: Model `Gray' substituted by `gray' on input line 1370.
Package xcolor Info: Model `wave' substituted by `hsb' on input line 1371.
) (/usr/local/texlive/2021/texmf-dist/tex/latex/psnfss/helvet.sty
Package: helvet 2020/03/25 PSNFSS-v9.3 (WaS) 
) (/usr/local/texlive/2021/texmf-dist/tex/latex/float/float.sty
Package: float 2001/11/08 v1.3d Float enhancements (AL)
\c@float@type=\count195
\float@exts=\toks18
\float@box=\box48
\@float@everytoks=\toks19
\@floatcapt=\box49
) (/usr/local/texlive/2021/texmf-dist/tex/latex/tools/tabularx.sty
Package: tabularx 2020/01/15 v2.11c `tabularx' package (DPC)
 (/usr/local/texlive/2021/texmf-dist/tex/latex/tools/array.sty
Package: array 2020/10/01 v2.5c Tabular extension package (FMi)
\col@sep=\dimen167
\ar@mcellbox=\box50
\extrarowheight=\dimen168
\NC@list=\toks20
\extratabsurround=\skip51
\backup@length=\skip52
\ar@cellbox=\box51
)
\TX@col@width=\dimen169
\TX@old@table=\dimen170
\TX@old@col=\dimen171
\TX@target=\dimen172
\TX@delta=\dimen173
\TX@cols=\count196
\TX@ftn=\toks21
) (/usr/local/texlive/2021/texmf-dist/tex/latex/biblatex/biblatex.sty
Package: biblatex 2020/12/31 v3.16 programmable bibliographies (PK/MW)
 (/usr/local/texlive/2021/texmf-dist/tex/generic/pdftexcmds/pdftexcmds.sty
Package: pdftexcmds 2020-06-27 v0.33 Utility functions of pdfTeX for LuaTeX (HO)
 (/usr/local/texlive/2021/texmf-dist/tex/generic/infwarerr/infwarerr.sty
Package: infwarerr 2019/12/03 v1.5 Providing info/warning/error messages (HO)
) (/usr/local/texlive/2021/texmf-dist/tex/generic/ltxcmds/ltxcmds.sty
Package: ltxcmds 2020-05-10 v1.25 LaTeX kernel commands for general use (HO)
)
Package pdftexcmds Info: \pdf@primitive is available.
Package pdftexcmds Info: \pdf@ifprimitive is available.
Package pdftexcmds Info: \pdfdraftmode found.
) (/usr/local/texlive/2021/texmf-dist/tex/latex/etoolbox/etoolbox.sty
Package: etoolbox 2020/10/05 v2.5k e-TeX tools for LaTeX (JAW)
\etb@tempcnta=\count197
) (/usr/local/texlive/2021/texmf-dist/tex/latex/kvoptions/kvoptions.sty
Package: kvoptions 2020-10-07 v3.14 Key value format for package options (HO)
 (/usr/local/texlive/2021/texmf-dist/tex/generic/kvsetkeys/kvsetkeys.sty
Package: kvsetkeys 2019/12/15 v1.18 Key value parser (HO)
)) (/usr/local/texlive/2021/texmf-dist/tex/latex/logreq/logreq.sty
Package: logreq 2010/08/04 v1.0 xml request logger
\lrq@indent=\count198
 (/usr/local/texlive/2021/texmf-dist/tex/latex/logreq/logreq.def
File: logreq.def 2010/08/04 v1.0 logreq spec v1.0
)) (/usr/local/texlive/2021/texmf-dist/tex/latex/base/ifthen.sty
Package: ifthen 2014/09/29 v1.1c Standard LaTeX ifthen package (DPC)
) (/usr/local/texlive/2021/texmf-dist/tex/latex/url/url.sty
\Urlmuskip=\muskip16
Package: url 2013/09/16  ver 3.4  Verb mode for urls, etc.
)
\c@tabx@nest=\count199
\c@listtotal=\count266
\c@listcount=\count267
\c@liststart=\count268
\c@liststop=\count269
\c@citecount=\count270
\c@citetotal=\count271
\c@multicitecount=\count272
\c@multicitetotal=\count273
\c@instcount=\count274
\c@maxnames=\count275
\c@minnames=\count276
\c@maxitems=\count277
\c@minitems=\count278
\c@citecounter=\count279
\c@maxcitecounter=\count280
\c@savedcitecounter=\count281
\c@uniquelist=\count282
\c@uniquename=\count283
\c@refsection=\count284
\c@refsegment=\count285
\c@maxextratitle=\count286
\c@maxextratitleyear=\count287
\c@maxextraname=\count288
\c@maxextradate=\count289
\c@maxextraalpha=\count290
\c@abbrvpenalty=\count291
\c@highnamepenalty=\count292
\c@lownamepenalty=\count293
\c@maxparens=\count294
\c@parenlevel=\count295
\blx@tempcnta=\count296
\blx@tempcntb=\count297
\blx@tempcntc=\count298
\blx@maxsection=\count299
\blx@maxsegment@0=\count300
\blx@notetype=\count301
\blx@parenlevel@text=\count302
\blx@parenlevel@foot=\count303
\blx@sectionciteorder@0=\count304
\blx@entrysetcounter=\count305
\blx@biblioinstance=\count306
\labelnumberwidth=\skip53
\labelalphawidth=\skip54
\biblabelsep=\skip55
\bibitemsep=\skip56
\bibnamesep=\skip57
\bibinitsep=\skip58
\bibparsep=\skip59
\bibhang=\skip60
\blx@bcfin=\read2
\blx@bcfout=\write3
\blx@langwohyphens=\language87
\c@mincomprange=\count307
\c@maxcomprange=\count308
\c@mincompwidth=\count309
Package biblatex Info: Trying to load biblatex default data model...
Package biblatex Info: ... file 'blx-dm.def' found.
 (/usr/local/texlive/2021/texmf-dist/tex/latex/biblatex/blx-dm.def
File: blx-dm.def 2020/12/31 v3.16 biblatex localization (PK/MW)
)
Package biblatex Info: Trying to load biblatex custom data model...
Package biblatex Info: ... file 'biblatex-dm.cfg' not found.
\c@afterword=\count310
\c@savedafterword=\count311
\c@annotator=\count312
\c@savedannotator=\count313
\c@author=\count314
\c@savedauthor=\count315
\c@bookauthor=\count316
\c@savedbookauthor=\count317
\c@commentator=\count318
\c@savedcommentator=\count319
\c@editor=\count320
\c@savededitor=\count321
\c@editora=\count322
\c@savededitora=\count323
\c@editorb=\count324
\c@savededitorb=\count325
\c@editorc=\count326
\c@savededitorc=\count327
\c@foreword=\count328
\c@savedforeword=\count329
\c@holder=\count330
\c@savedholder=\count331
\c@introduction=\count332
\c@savedintroduction=\count333
\c@namea=\count334
\c@savednamea=\count335
\c@nameb=\count336
\c@savednameb=\count337
\c@namec=\count338
\c@savednamec=\count339
\c@translator=\count340
\c@savedtranslator=\count341
\c@shortauthor=\count342
\c@savedshortauthor=\count343
\c@shorteditor=\count344
\c@savedshorteditor=\count345
\c@labelname=\count346
\c@savedlabelname=\count347
\c@institution=\count348
\c@savedinstitution=\count349
\c@lista=\count350
\c@savedlista=\count351
\c@listb=\count352
\c@savedlistb=\count353
\c@listc=\count354
\c@savedlistc=\count355
\c@listd=\count356
\c@savedlistd=\count357
\c@liste=\count358
\c@savedliste=\count359
\c@listf=\count360
\c@savedlistf=\count361
\c@location=\count362
\c@savedlocation=\count363
\c@organization=\count364
\c@savedorganization=\count365
\c@origlocation=\count366
\c@savedoriglocation=\count367
\c@origpublisher=\count368
\c@savedorigpublisher=\count369
\c@publisher=\count370
\c@savedpublisher=\count371
\c@language=\count372
\c@savedlanguage=\count373
\c@origlanguage=\count374
\c@savedoriglanguage=\count375
\c@pageref=\count376
\c@savedpageref=\count377
\shorthandwidth=\skip61
\shortjournalwidth=\skip62
\shortserieswidth=\skip63
\shorttitlewidth=\skip64
\shortauthorwidth=\skip65
\shorteditorwidth=\skip66
\locallabelnumberwidth=\skip67
\locallabelalphawidth=\skip68
\localshorthandwidth=\skip69
\localshortjournalwidth=\skip70
\localshortserieswidth=\skip71
\localshorttitlewidth=\skip72
\localshortauthorwidth=\skip73
\localshorteditorwidth=\skip74
Package biblatex Info: Trying to load compatibility code...
Package biblatex Info: ... file 'blx-compat.def' found.
 (/usr/local/texlive/2021/texmf-dist/tex/latex/biblatex/blx-compat.def
File: blx-compat.def 2020/12/31 v3.16 biblatex compatibility (PK/MW)
)
Package biblatex Info: Trying to load generic definitions...
Package biblatex Info: ... file 'biblatex.def' found.
 (/usr/local/texlive/2021/texmf-dist/tex/latex/biblatex/biblatex.def
File: biblatex.def 2020/12/31 v3.16 biblatex compatibility (PK/MW)
\c@textcitecount=\count378
\c@textcitetotal=\count379
\c@textcitemaxnames=\count380
\c@biburlbigbreakpenalty=\count381
\c@biburlbreakpenalty=\count382
\c@biburlnumpenalty=\count383
\c@biburlucpenalty=\count384
\c@biburllcpenalty=\count385
\biburlbigskip=\muskip17
\biburlnumskip=\muskip18
\biburlucskip=\muskip19
\biburllcskip=\muskip20
\c@smartand=\count386
)
Package biblatex Info: Trying to load bibliography style 'numeric'...
Package biblatex Info: ... file 'numeric.bbx' found.
 (/usr/local/texlive/2021/texmf-dist/tex/latex/biblatex/bbx/numeric.bbx
File: numeric.bbx 2020/12/31 v3.16 biblatex bibliography style (PK/MW)
Package biblatex Info: Trying to load bibliography style 'standard'...
Package biblatex Info: ... file 'standard.bbx' found.
 (/usr/local/texlive/2021/texmf-dist/tex/latex/biblatex/bbx/standard.bbx
File: standard.bbx 2020/12/31 v3.16 biblatex bibliography style (PK/MW)
\c@bbx:relatedcount=\count387
\c@bbx:relatedtotal=\count388
))
Package biblatex Info: Trying to load citation style 'numeric'...
Package biblatex Info: ... file 'numeric.cbx' found.
 (/usr/local/texlive/2021/texmf-dist/tex/latex/biblatex/cbx/numeric.cbx
File: numeric.cbx 2020/12/31 v3.16 biblatex citation style (PK/MW)
Package biblatex Info: Redefining '\cite'.
Package biblatex Info: Redefining '\parencite'.
Package biblatex Info: Redefining '\footcite'.
Package biblatex Info: Redefining '\footcitetext'.
Package biblatex Info: Redefining '\smartcite'.
Package biblatex Info: Redefining '\supercite'.
Package biblatex Info: Redefining '\textcite'.
Package biblatex Info: Redefining '\textcites'.
Package biblatex Info: Redefining '\cites'.
Package biblatex Info: Redefining '\parencites'.
Package biblatex Info: Redefining '\smartcites'.
)
Package biblatex Info: Trying to load configuration file...
Package biblatex Info: ... file 'biblatex.cfg' found.
 (/usr/local/texlive/2021/texmf-dist/tex/latex/biblatex/biblatex.cfg
File: biblatex.cfg 
))
\@quotelevel=\count389
\@quotereset=\count390
 (/usr/local/texlive/2021/texmf-dist/tex/latex/l3backend/l3backend-pdftex.def
File: l3backend-pdftex.def 2021-03-18 L3 backend support: PDF output (pdfTeX)
\l__color_backend_stack_int=\count391
\l__pdf_internal_box=\box52
) (/Users/josetoscano/Documents/BSCThesis/main.aux (/Users/josetoscano/Documents/BSCThesis/chapter1_introduction.aux) (/Users/josetoscano/Documents/BSCThesis/chapter2_general_overview.aux) (/Users/josetoscano/Documents/BSCThesis/chapter3_development_of_balance_system.aux) (/Users/josetoscano/Documents/BSCThesis/chapter4_Access_to_the_Digital_Mexican_Banking_System.aux) (/Users/josetoscano/Documents/BSCThesis/chapter5_Progressive_deployment_of_Balance_System.aux) (/Users/josetoscano/Documents/BSCThesis/chapter6_Discission_and_Conclusions.aux))
\openout1 = `main.aux'.

LaTeX Font Info:    Checking defaults for OML/cmm/m/it on input line 26.
LaTeX Font Info:    ... okay on input line 26.
LaTeX Font Info:    Checking defaults for OMS/cmsy/m/n on input line 26.
LaTeX Font Info:    ... okay on input line 26.
LaTeX Font Info:    Checking defaults for OT1/cmr/m/n on input line 26.
LaTeX Font Info:    ... okay on input line 26.
LaTeX Font Info:    Checking defaults for T1/cmr/m/n on input line 26.
LaTeX Font Info:    ... okay on input line 26.
LaTeX Font Info:    Checking defaults for TS1/cmr/m/n on input line 26.
LaTeX Font Info:    ... okay on input line 26.
LaTeX Font Info:    Checking defaults for OMX/cmex/m/n on input line 26.
LaTeX Font Info:    ... okay on input line 26.
LaTeX Font Info:    Checking defaults for U/cmr/m/n on input line 26.
LaTeX Font Info:    ... okay on input line 26.

*geometry* driver: auto-detecting
*geometry* detected driver: pdftex
*geometry* verbose mode - [ preamble ] result:
* driver: pdftex
* paper: a4paper
* layout: <same size as paper>
* layoutoffset:(h,v)=(0.0pt,0.0pt)
* modes: 
* h-part:(L,W,R)=(90.19518pt, 417.11752pt, 90.19518pt)
* v-part:(T,H,B)=(72.2698pt, 700.50723pt, 72.2698pt)
* \paperwidth=597.50787pt
* \paperheight=845.04684pt
* \textwidth=417.11752pt
* \textheight=700.50723pt
* \oddsidemargin=17.92519pt
* \evensidemargin=17.92519pt
* \topmargin=-37.00018pt
* \headheight=12.0pt
* \headsep=25.0pt
* \topskip=10.0pt
* \footskip=30.0pt
* \marginparwidth=65.0pt
* \marginparsep=11.0pt
* \columnsep=10.0pt
* \skip\footins=9.0pt plus 4.0pt minus 2.0pt
* \hoffset=0.0pt
* \voffset=0.0pt
* \mag=1000
* \@twocolumnfalse
* \@twosidefalse
* \@mparswitchfalse
* \@reversemarginfalse
* (1in=72.27pt=25.4mm, 1cm=28.453pt)

(/usr/local/texlive/2021/texmf-dist/tex/context/base/mkii/supp-pdf.mkii
[Loading MPS to PDF converter (version 2006.09.02).]
\scratchcounter=\count392
\scratchdimen=\dimen174
\scratchbox=\box53
\nofMPsegments=\count393
\nofMParguments=\count394
\everyMPshowfont=\toks22
\MPscratchCnt=\count395
\MPscratchDim=\dimen175
\MPnumerator=\count396
\makeMPintoPDFobject=\count397
\everyMPtoPDFconversion=\toks23
) (/usr/local/texlive/2021/texmf-dist/tex/latex/epstopdf-pkg/epstopdf-base.sty
Package: epstopdf-base 2020-01-24 v2.11 Base part for package epstopdf
Package epstopdf-base Info: Redefining graphics rule for `.eps' on input line 485.
 (/usr/local/texlive/2021/texmf-dist/tex/latex/latexconfig/epstopdf-sys.cfg
File: epstopdf-sys.cfg 2010/07/13 v1.3 Configuration of (r)epstopdf for TeX Live
))
Package biblatex Info: Trying to load language 'english'...
Package biblatex Info: ... file 'english.lbx' found.
 (/usr/local/texlive/2021/texmf-dist/tex/latex/biblatex/lbx/english.lbx
File: english.lbx 2020/12/31 v3.16 biblatex localization (PK/MW)
)
Package biblatex Info: Input encoding 'utf8' detected.
Package biblatex Info: Automatic encoding selection.
(biblatex)             Assuming data encoding 'utf8'.
Package biblatex Info: Document encoding is UTF8 ....
 (/usr/local/texlive/2021/texmf-dist/tex/latex/l3kernel/expl3.sty
Package: expl3 2021-02-18 L3 programming layer (loader) 
)
Package biblatex Info: ... and expl3
(biblatex)             2021-02-18 L3 programming layer (loader) 
(biblatex)             is new enough (at least 2020/04/06),
(biblatex)             setting 'casechanger=expl3'.
 (/usr/local/texlive/2021/texmf-dist/tex/latex/biblatex/blx-case-expl3.sty (/usr/local/texlive/2021/texmf-dist/tex/latex/l3packages/xparse/xparse.sty (/usr/local/texlive/2021/texmf-dist/tex/latex/l3packages/xparse/xparse-2020-10-01.sty (/usr/local/texlive/2021/texmf-dist/tex/latex/l3packages/xparse/xparse-generic.tex)))
Package: blx-case-expl3 2020/12/31 v3.16 expl3 case changing code for biblatex
)
\openout3 = `main.bcf'.

Package biblatex Info: Trying to load bibliographic data...
Package biblatex Info: ... file 'main.bbl' found.
 (/Users/josetoscano/Documents/BSCThesis/main.bbl)
Package biblatex Info: Reference section=0 on input line 26.
Package biblatex Info: Reference segment=0 on input line 26.
 (/Users/josetoscano/Documents/BSCThesis/cover.tex
<assets/logoAtrato.png, id=1, 542.025pt x 542.025pt>
File: assets/logoAtrato.png Graphic file (type png)
<use assets/logoAtrato.png>
Package pdftex.def Info: assets/logoAtrato.png  used on input line 7.
(pdftex.def)             Requested size: 142.26378pt x 142.26302pt.
<assets/Hochschule-esslingen.svg.png, id=2, 2007.5pt x 458.71375pt>
File: assets/Hochschule-esslingen.svg.png Graphic file (type png)
<use assets/Hochschule-esslingen.svg.png>
Package pdftex.def Info: assets/Hochschule-esslingen.svg.png  used on input line 9.
(pdftex.def)             Requested size: 113.81102pt x 26.00276pt.
LaTeX Font Info:    Trying to load font information for OT1+phv on input line 11.
 (/usr/local/texlive/2021/texmf-dist/tex/latex/psnfss/ot1phv.fd
File: ot1phv.fd 2020/03/25 scalable font definitions for OT1/phv.
)
Underfull \hbox (badness 10000) in paragraph at lines 13--17

 []

LaTeX Font Info:    External font `cmex10' loaded for size
(Font)              <9> on input line 17.
LaTeX Font Info:    External font `cmex10' loaded for size
(Font)              <6> on input line 17.
LaTeX Font Info:    External font `cmex10' loaded for size
(Font)              <5> on input line 17.

Overfull \hbox (0.49835pt too wide) in paragraph at lines 23--23
\OT1/cmr/bx/n/17.28 Progressive au-toma-tion of dis-burse-ment pro-cesses
 []


Overfull \hbox (7.23222pt too wide) in paragraph at lines 23--23
\OT1/cmr/bx/n/17.28 through in-te-gra-tion with the Mex-i-can dig-i-tal bank-
 []


Overfull \hbox (23.99998pt too wide) in paragraph at lines 40--49
[][]
 []


Underfull \hbox (badness 10000) in paragraph at lines 40--49

 []

[1

{/usr/local/texlive/2021/texmf-var/fonts/map/pdftex/updmap/pdftex.map} </Users/josetoscano/Documents/BSCThesis/assets/logoAtrato.png> </Users/josetoscano/Documents/BSCThesis/assets/Hochschule-esslingen.svg.png>]) (/Users/josetoscano/Documents/BSCThesis/quote.tex) (/Users/josetoscano/Documents/BSCThesis/abstract.tex [1]
Underfull \hbox (badness 10000) in paragraph at lines 7--11

 []

) (/Users/josetoscano/Documents/BSCThesis/preamble.tex [2

]) [3

] (/Users/josetoscano/Documents/BSCThesis/main.toc
LaTeX Font Info:    External font `cmex10' loaded for size
(Font)              <7> on input line 7.
 [4

])
\tf@toc=\write4
\openout4 = `main.toc'.

 [5] (/Users/josetoscano/Documents/BSCThesis/main.lof)
\tf@lof=\write5
\openout5 = `main.lof'.

 [6

]
\openout2 = `chapter1_introduction.aux'.

 (/Users/josetoscano/Documents/BSCThesis/chapter1_introduction.tex
Chapter 1.

Underfull \hbox (badness 10000) in paragraph at lines 6--7

 []


Underfull \hbox (badness 10000) in paragraph at lines 13--14

 []


Underfull \hbox (badness 10000) in paragraph at lines 15--16

 []


Underfull \hbox (badness 10000) in paragraph at lines 17--18

 []


Underfull \hbox (badness 10000) in paragraph at lines 19--20

 []

)
Underfull \hbox (badness 10000) in paragraph at lines 21--74

 []

[7


] [8]
\openout2 = `chapter2_general_overview.aux'.

 (/Users/josetoscano/Documents/BSCThesis/chapter2_general_overview.tex
Chapter 2.

Underfull \hbox (badness 10000) in paragraph at lines 10--11

 []


Underfull \hbox (badness 10000) in paragraph at lines 15--16

 []


Underfull \hbox (badness 10000) in paragraph at lines 17--18

 []

[9




]
Underfull \hbox (badness 10000) in paragraph at lines 24--25

 []


Underfull \hbox (badness 10000) in paragraph at lines 26--27

 []


Underfull \hbox (badness 10000) in paragraph at lines 28--29

 []


Underfull \hbox (badness 10000) in paragraph at lines 33--34

 []


Underfull \hbox (badness 10000) in paragraph at lines 35--36

 []

[10]
Underfull \hbox (badness 10000) in paragraph at lines 40--41

 []


Underfull \hbox (badness 10000) in paragraph at lines 42--43

 []


Underfull \hbox (badness 10000) in paragraph at lines 47--48

 []


Underfull \hbox (badness 10000) in paragraph at lines 55--56

 []

[11]
Underfull \hbox (badness 10000) in paragraph at lines 61--62

 []


Underfull \hbox (badness 10000) in paragraph at lines 63--64

 []


Underfull \hbox (badness 10000) in paragraph at lines 73--74

 []


Underfull \hbox (badness 10000) in paragraph at lines 75--76

 []

[12]
Underfull \hbox (badness 10000) in paragraph at lines 94--95

 []


Underfull \hbox (badness 10000) in paragraph at lines 96--97

 []


Underfull \hbox (badness 10000) in paragraph at lines 98--99

 []


Underfull \hbox (badness 10000) in paragraph at lines 100--101

 []

<assets/uml/Payments_Per_Store.png, id=56, 343.2825pt x 171.64125pt>
File: assets/uml/Payments_Per_Store.png Graphic file (type png)
<use assets/uml/Payments_Per_Store.png>
Package pdftex.def Info: assets/uml/Payments_Per_Store.png  used on input line 108.
(pdftex.def)             Requested size: 205.97107pt x 102.98552pt.

LaTeX Warning: `h' float specifier changed to `ht'.

<assets/uml/PaymentOptions.png, id=57, 343.2825pt x 533.995pt>
File: assets/uml/PaymentOptions.png Graphic file (type png)
<use assets/uml/PaymentOptions.png>
Package pdftex.def Info: assets/uml/PaymentOptions.png  used on input line 116.
(pdftex.def)             Requested size: 205.97107pt x 320.39948pt.

LaTeX Warning: `h' float specifier changed to `ht'.

) [13] [14 </Users/josetoscano/Documents/BSCThesis/assets/uml/Payments_Per_Store.png>] [15 </Users/josetoscano/Documents/BSCThesis/assets/uml/PaymentOptions.png>]
\openout2 = `chapter3_development_of_balance_system.aux'.

 (/Users/josetoscano/Documents/BSCThesis/chapter3_development_of_balance_system.tex
Chapter 3.

Underfull \hbox (badness 10000) in paragraph at lines 5--6

 []

<assets/uml/BalanceUpdate.png, id=70, 343.2825pt x 313.17pt>
File: assets/uml/BalanceUpdate.png Graphic file (type png)
<use assets/uml/BalanceUpdate.png>
Package pdftex.def Info: assets/uml/BalanceUpdate.png  used on input line 40.
(pdftex.def)             Requested size: 240.2961pt x 219.21748pt.
[16




]
Underfull \hbox (badness 10000) in paragraph at lines 44--45

 []


Underfull \hbox (badness 10000) in paragraph at lines 46--47

 []

[17 </Users/josetoscano/Documents/BSCThesis/assets/uml/BalanceUpdate.png>]
Underfull \hbox (badness 10000) in paragraph at lines 80--81

 []


Underfull \hbox (badness 10000) in paragraph at lines 82--83

 []

<assets/diagrams/DisbursementOverride.png, id=79, 1012.78375pt x 532.99126pt>
File: assets/diagrams/DisbursementOverride.png Graphic file (type png)
<use assets/diagrams/DisbursementOverride.png>
Package pdftex.def Info: assets/diagrams/DisbursementOverride.png  used on input line 86.
(pdftex.def)             Requested size: 405.10632pt x 213.19272pt.
[18 </Users/josetoscano/Documents/BSCThesis/assets/diagrams/DisbursementOverride.png>]
<assets/flowcharts/CreditCancelation.png, id=85, 592.2125pt x 677.53125pt>
File: assets/flowcharts/CreditCancelation.png Graphic file (type png)
<use assets/flowcharts/CreditCancelation.png>
Package pdftex.def Info: assets/flowcharts/CreditCancelation.png  used on input line 96.
(pdftex.def)             Requested size: 355.33023pt x 406.52188pt.
 [19 </Users/josetoscano/Documents/BSCThesis/assets/flowcharts/CreditCancelation.png>]
<assets/uml/BankTransfers.png, id=90, 257.96375pt x 273.02pt>
File: assets/uml/BankTransfers.png Graphic file (type png)
<use assets/uml/BankTransfers.png>
Package pdftex.def Info: assets/uml/BankTransfers.png  used on input line 107.
(pdftex.def)             Requested size: 180.57338pt x 191.11269pt.

Underfull \hbox (badness 10000) in paragraph at lines 113--114

 []

<assets/flowcharts/BankTransferTrigger.png, id=91, 821.0675pt x 739.76375pt>
File: assets/flowcharts/BankTransferTrigger.png Graphic file (type png)
<use assets/flowcharts/BankTransferTrigger.png>
Package pdftex.def Info: assets/flowcharts/BankTransferTrigger.png  used on input line 117.
(pdftex.def)             Requested size: 328.42119pt x 295.90025pt.
[20 </Users/josetoscano/Documents/BSCThesis/assets/uml/BankTransfers.png>]
Underfull \hbox (badness 10000) in paragraph at lines 121--122

 []

<assets/uml/StatusRecordUML.png, id=96, 538.01pt x 172.645pt>
File: assets/uml/StatusRecordUML.png Graphic file (type png)
<use assets/uml/StatusRecordUML.png>
Package pdftex.def Info: assets/uml/StatusRecordUML.png  used on input line 130.
(pdftex.def)             Requested size: 322.80849pt x 103.58778pt.
<assets/diagrams/BUStateMachine.png, id=97, 521.95pt x 302.12875pt>
File: assets/diagrams/BUStateMachine.png Graphic file (type png)
<use assets/diagrams/BUStateMachine.png>
Package pdftex.def Info: assets/diagrams/BUStateMachine.png  used on input line 138.
(pdftex.def)             Requested size: 313.17241pt x 181.27864pt.
[21 </Users/josetoscano/Documents/BSCThesis/assets/flowcharts/BankTransferTrigger.png> </Users/josetoscano/Documents/BSCThesis/assets/uml/StatusRecordUML.png>]
Overfull \hbox (7.472pt too wide) in paragraph at lines 145--145
|[]\OT1/cmr/bx/n/14.4 Ensure cor-rect func-tion-al-ity and er-ror han-dling through
 []


Underfull \hbox (badness 10000) in paragraph at lines 158--159

 []


Underfull \hbox (badness 10000) in paragraph at lines 160--161

 []

[22 </Users/josetoscano/Documents/BSCThesis/assets/diagrams/BUStateMachine.png>]
Underfull \hbox (badness 10000) in paragraph at lines 182--183

 []

[23]
Underfull \hbox (badness 10000) in paragraph at lines 223--224

 []

[24]
Underfull \hbox (badness 10000) in paragraph at lines 288--289

 []

<assets/diagrams/BalanceSystemDiagram.drawio.png, id=114, 719.68875pt x 512.91624pt>
File: assets/diagrams/BalanceSystemDiagram.drawio.png Graphic file (type png)
<use assets/diagrams/BalanceSystemDiagram.drawio.png>
Package pdftex.def Info: assets/diagrams/BalanceSystemDiagram.drawio.png  used on input line 294.
(pdftex.def)             Requested size: 359.84349pt x 256.45749pt.
[25]
Underfull \hbox (badness 10000) in paragraph at lines 300--301

 []

<assets/flowcharts/AutomationValidation.png, id=118, 465.74pt x 340.27126pt>
File: assets/flowcharts/AutomationValidation.png Graphic file (type png)
<use assets/flowcharts/AutomationValidation.png>
Package pdftex.def Info: assets/flowcharts/AutomationValidation.png  used on input line 306.
(pdftex.def)             Requested size: 232.86943pt x 170.13521pt.
) [26 </Users/josetoscano/Documents/BSCThesis/assets/diagrams/BalanceSystemDiagram.drawio.png> </Users/josetoscano/Documents/BSCThesis/assets/flowcharts/AutomationValidation.png>]
\openout2 = `chapter4_Access_to_the_Digital_Mexican_Banking_System.aux'.

 (/Users/josetoscano/Documents/BSCThesis/chapter4_Access_to_the_Digital_Mexican_Banking_System.tex
Chapter 4.

Underfull \hbox (badness 10000) in paragraph at lines 5--6

 []


Underfull \hbox (badness 10000) in paragraph at lines 7--8

 []


Underfull \hbox (badness 10000) in paragraph at lines 9--10

 []


Underfull \hbox (badness 10000) in paragraph at lines 15--16

 []


Underfull \hbox (badness 10000) in paragraph at lines 17--18

 []

<assets/diagrams/STPRequestParams.png, id=124, 165.61874pt x 91.34125pt>
File: assets/diagrams/STPRequestParams.png Graphic file (type png)
<use assets/diagrams/STPRequestParams.png>
Package pdftex.def Info: assets/diagrams/STPRequestParams.png  used on input line 27.
(pdftex.def)             Requested size: 165.61833pt x 91.34102pt.

LaTeX Warning: `!h' float specifier changed to `!ht'.


Underfull \hbox (badness 10000) in paragraph at lines 31--32

 []

[27




]
Underfull \hbox (badness 10000) in paragraph at lines 41--42

 []

<assets/flowcharts/STP_Send_Payment_Order.png, id=128, 1311.90125pt x 402.50375pt>
File: assets/flowcharts/STP_Send_Payment_Order.png Graphic file (type png)
<use assets/flowcharts/STP_Send_Payment_Order.png>
Package pdftex.def Info: assets/flowcharts/STP_Send_Payment_Order.png  used on input line 47.
(pdftex.def)             Requested size: 393.57341pt x 120.75204pt.

Underfull \hbox (badness 10000) in paragraph at lines 53--54

 []


Underfull \hbox (badness 10000) in paragraph at lines 55--56

 []


Underfull \hbox (badness 10000) in paragraph at lines 57--58

 []

[28 </Users/josetoscano/Documents/BSCThesis/assets/diagrams/STPRequestParams.png> </Users/josetoscano/Documents/BSCThesis/assets/flowcharts/STP_Send_Payment_Order.png>]
Underfull \hbox (badness 10000) in paragraph at lines 61--62

 []


Underfull \hbox (badness 10000) in paragraph at lines 63--64

 []


Underfull \hbox (badness 10000) in paragraph at lines 65--66

 []


Underfull \hbox (badness 10000) in paragraph at lines 67--68

 []


Underfull \hbox (badness 10000) in paragraph at lines 69--70

 []


Underfull \hbox (badness 10000) in paragraph at lines 71--72

 []

[29]
<assets/diagrams/BankTransfersStateMachine.png, id=137, 629.35126pt x 402.50375pt>
File: assets/diagrams/BankTransfersStateMachine.png Graphic file (type png)
<use assets/diagrams/BankTransfersStateMachine.png>
Package pdftex.def Info: assets/diagrams/BankTransfersStateMachine.png  used on input line 106.
(pdftex.def)             Requested size: 314.67485pt x 201.25137pt.

Underfull \hbox (badness 10000) in paragraph at lines 112--113

 []

<assets/diagrams/LiquidatedStatusUpdate.png, id=138, 769.87625pt x 593.21625pt>
File: assets/diagrams/LiquidatedStatusUpdate.png Graphic file (type png)
<use assets/diagrams/LiquidatedStatusUpdate.png>
Package pdftex.def Info: assets/diagrams/LiquidatedStatusUpdate.png  used on input line 118.
(pdftex.def)             Requested size: 307.94504pt x 237.28229pt.

LaTeX Warning: `h' float specifier changed to `ht'.


Underfull \hbox (badness 10000) in paragraph at lines 124--125

 []

[30 </Users/josetoscano/Documents/BSCThesis/assets/diagrams/BankTransfersStateMachine.png>]
<assets/diagrams/CancelledStatusUpdate.png, id=144, 723.70375pt x 528.97626pt>
File: assets/diagrams/CancelledStatusUpdate.png Graphic file (type png)
<use assets/diagrams/CancelledStatusUpdate.png>
Package pdftex.def Info: assets/diagrams/CancelledStatusUpdate.png  used on input line 130.
(pdftex.def)             Requested size: 289.47636pt x 211.58675pt.

Underfull \hbox (badness 10000) in paragraph at lines 136--137

 []

[31 </Users/josetoscano/Documents/BSCThesis/assets/diagrams/LiquidatedStatusUpdate.png> </Users/josetoscano/Documents/BSCThesis/assets/diagrams/CancelledStatusUpdate.png>]
Underfull \hbox (badness 10000) in paragraph at lines 138--139

 []


Underfull \hbox (badness 10000) in paragraph at lines 140--141

 []

<assets/diagrams/ReturnedStatus.png, id=150, 1072.005pt x 527.9725pt>
File: assets/diagrams/ReturnedStatus.png Graphic file (type png)
<use assets/diagrams/ReturnedStatus.png>
Package pdftex.def Info: assets/diagrams/ReturnedStatus.png  used on input line 146.
(pdftex.def)             Requested size: 428.7944pt x 211.18526pt.

Overfull \hbox (11.67688pt too wide) in paragraph at lines 146--147
 [][] 
 []

) [32 </Users/josetoscano/Documents/BSCThesis/assets/diagrams/ReturnedStatus.png>]
\openout2 = `chapter5_Progressive_deployment_of_Balance_System.aux'.

 (/Users/josetoscano/Documents/BSCThesis/chapter5_Progressive_deployment_of_Balance_System.tex
Chapter 5.

Overfull \hbox (10.11382pt too wide) in paragraph at lines 1--1
|[]\OT1/cmr/bx/n/20.74 Progressive de-ploy-ment of Bal-ance Sys-
 []


Underfull \hbox (badness 10000) in paragraph at lines 7--8

 []


Underfull \hbox (badness 10000) in paragraph at lines 11--12

 []

) [33




]
\openout2 = `chapter6_Discission_and_Conclusions.aux'.

 (/Users/josetoscano/Documents/BSCThesis/chapter6_Discission_and_Conclusions.tex
Chapter 6.

Underfull \hbox (badness 10000) in paragraph at lines 4--5

 []


Underfull \hbox (badness 10000) in paragraph at lines 6--7

 []


Underfull \hbox (badness 10000) in paragraph at lines 8--9

 []


Underfull \hbox (badness 10000) in paragraph at lines 10--11

 []


Underfull \hbox (badness 10000) in paragraph at lines 14--15

 []


Underfull \hbox (badness 10000) in paragraph at lines 17--18

 []

[34




]) [35] [36



] (/Users/josetoscano/Documents/BSCThesis/main.aux (/Users/josetoscano/Documents/BSCThesis/chapter1_introduction.aux) (/Users/josetoscano/Documents/BSCThesis/chapter2_general_overview.aux) (/Users/josetoscano/Documents/BSCThesis/chapter3_development_of_balance_system.aux) (/Users/josetoscano/Documents/BSCThesis/chapter4_Access_to_the_Digital_Mexican_Banking_System.aux) (/Users/josetoscano/Documents/BSCThesis/chapter5_Progressive_deployment_of_Balance_System.aux) (/Users/josetoscano/Documents/BSCThesis/chapter6_Discission_and_Conclusions.aux))
Package logreq Info: Writing requests to 'main.run.xml'.
\openout1 = `main.run.xml'.

 ) 
Here is how much of TeX's memory you used:
 10729 strings out of 478994
 199417 string characters out of 5858184
 937723 words of memory out of 5000000
 28033 multiletter control sequences out of 15000+600000
 411629 words of font info for 50 fonts, out of 8000000 for 9000
 1141 hyphenation exceptions out of 8191
 73i,11n,74p,1252b,1241s stack positions out of 5000i,500n,10000p,200000b,80000s
{/usr/local/texlive/2021/texmf-dist/fonts/enc/dvips/cm-super/cm-super-ts1.enc}{/usr/local/texlive/2021/texmf-dist/fonts/enc/dvips/base/8r.enc}</usr/local/texlive/2021/texmf-dist/fonts/type1/public/amsfonts/cm/cmbx10.pfb></usr/local/texlive/2021/texmf-dist/fonts/type1/public/amsfonts/cm/cmbx12.pfb></usr/local/texlive/2021/texmf-dist/fonts/type1/public/amsfonts/cm/cmbxti10.pfb></usr/local/texlive/2021/texmf-dist/fonts/type1/public/amsfonts/cm/cmcsc10.pfb></usr/local/texlive/2021/texmf-dist/fonts/type1/public/amsfonts/cm/cmr10.pfb></usr/local/texlive/2021/texmf-dist/fonts/type1/public/amsfonts/cm/cmr12.pfb></usr/local/texlive/2021/texmf-dist/fonts/type1/public/amsfonts/cm/cmr17.pfb></usr/local/texlive/2021/texmf-dist/fonts/type1/public/amsfonts/cm/cmti10.pfb></usr/local/texlive/2021/texmf-dist/fonts/type1/public/amsfonts/cm/cmtt10.pfb></usr/local/texlive/2021/texmf-dist/fonts/type1/public/cm-super/sfrm1000.pfb></usr/local/texlive/2021/texmf-dist/fonts/type1/public/cm-super/sfti1000.pfb></usr/local/texlive/2021/texmf-dist/fonts/type1/urw/helvetic/uhvr8a.pfb>
Output written on /Users/josetoscano/Documents/BSCThesis/main.pdf (37 pages, 882314 bytes).
PDF statistics:
 214 PDF objects out of 1000 (max. 8388607)
 124 compressed objects within 2 object streams
 0 named destinations out of 1000 (max. 500000)
 96 words of extra memory for PDF output out of 10000 (max. 10000000)

